# JRE version: OpenJDK Runtime Environment (11.0.15) (build 11.0.15+0-b2043.56-9505619)
# Java VM: OpenJDK 64-Bit Server VM (11.0.15+0-b2043.56-9505619, mixed mode, tiered, compressed oops, g1 gc, windows-amd64)
Heap:
 garbage-first heap   total 372736K, used 228695K [0x0000000080000000, 0x0000000100000000)
  region size 1024K, 30 young (30720K), 9 survivors (9216K)
 Metaspace       used 118346K, capacity 121852K, committed 122076K, reserved 1155072K
  class space    used 15409K, capacity 16752K, committed 16844K, reserved 1048576K
GC Heap History (20 events):
Event: 36.697 GC heap before
{Heap before GC invocations=58 (full 0):
 garbage-first heap   total 248832K, used 207871K [0x0000000080000000, 0x0000000100000000)
  region size 1024K, 16 young (16384K), 3 survivors (3072K)
 Metaspace       used 106441K, capacity 109252K, committed 109532K, reserved 1144832K
  class space    used 13907K, capacity 14963K, committed 15052K, reserved 1048576K
}
Event: 36.723 GC heap after
{Heap after GC invocations=59 (full 0):
 garbage-first heap   total 310272K, used 199680K [0x0000000080000000, 0x0000000100000000)
  region size 1024K, 2 young (2048K), 2 survivors (2048K)
 Metaspace       used 106441K, capacity 109252K, committed 109532K, reserved 1144832K
  class space    used 13907K, capacity 14963K, committed 15052K, reserved 1048576K
}
Event: 38.575 GC heap before
{Heap before GC invocations=60 (full 0):
 garbage-first heap   total 310272K, used 217088K [0x0000000080000000, 0x0000000100000000)
  region size 1024K, 31 young (31744K), 2 survivors (2048K)
 Metaspace       used 110769K, capacity 113704K, committed 113884K, reserved 1148928K
  class space    used 14411K, capacity 15501K, committed 15564K, reserved 1048576K
}
Event: 38.586 GC heap after
{Heap after GC invocations=61 (full 0):
 garbage-first heap   total 310272K, used 189828K [0x0000000080000000, 0x0000000100000000)
  region size 1024K, 4 young (4096K), 4 survivors (4096K)
 Metaspace       used 110769K, capacity 113704K, committed 113884K, reserved 1148928K
  class space    used 14411K, capacity 15501K, committed 15564K, reserved 1048576K
}
Event: 38.745 GC heap before
{Heap before GC invocations=61 (full 0):
 garbage-first heap   total 310272K, used 200068K [0x0000000080000000, 0x0000000100000000)
  region size 1024K, 15 young (15360K), 4 survivors (4096K)
 Metaspace       used 110937K, capacity 113962K, committed 114140K, reserved 1148928K
  class space    used 14431K, capacity 15546K, committed 15564K, reserved 1048576K
}
Event: 38.773 GC heap after
{Heap after GC invocations=62 (full 0):
 garbage-first heap   total 310272K, used 183477K [0x0000000080000000, 0x0000000100000000)
  region size 1024K, 1 young (1024K), 1 survivors (1024K)
 Metaspace       used 110937K, capacity 113962K, committed 114140K, reserved 1148928K
  class space    used 14431K, capacity 15546K, committed 15564K, reserved 1048576K
}
Event: 39.441 GC heap before
{Heap before GC invocations=62 (full 0):
 garbage-first heap   total 310272K, used 220341K [0x0000000080000000, 0x0000000100000000)
  region size 1024K, 38 young (38912K), 1 survivors (1024K)
 Metaspace       used 111649K, capacity 114759K, committed 114780K, reserved 1148928K
  class space    used 14535K, capacity 15681K, committed 15692K, reserved 1048576K
}
Event: 39.450 GC heap after
{Heap after GC invocations=63 (full 0):
 garbage-first heap   total 310272K, used 183928K [0x0000000080000000, 0x0000000100000000)
  region size 1024K, 1 young (1024K), 1 survivors (1024K)
 Metaspace       used 111649K, capacity 114759K, committed 114780K, reserved 1148928K
  class space    used 14535K, capacity 15681K, committed 15692K, reserved 1048576K
}
Event: 41.139 GC heap before
{Heap before GC invocations=64 (full 0):
 garbage-first heap   total 310272K, used 223864K [0x0000000080000000, 0x0000000100000000)
  region size 1024K, 41 young (41984K), 1 survivors (1024K)
 Metaspace       used 113004K, capacity 116208K, committed 116316K, reserved 1150976K
  class space    used 14702K, capacity 15920K, committed 15948K, reserved 1048576K
}
Event: 41.148 GC heap after
{Heap after GC invocations=65 (full 0):
 garbage-first heap   total 310272K, used 188020K [0x0000000080000000, 0x0000000100000000)
  region size 1024K, 5 young (5120K), 5 survivors (5120K)
 Metaspace       used 113004K, capacity 116208K, committed 116316K, reserved 1150976K
  class space    used 14702K, capacity 15920K, committed 15948K, reserved 1048576K
}
Event: 41.367 GC heap before
{Heap before GC invocations=65 (full 0):
 garbage-first heap   total 310272K, used 197236K [0x0000000080000000, 0x0000000100000000)
  region size 1024K, 15 young (15360K), 5 survivors (5120K)
 Metaspace       used 113050K, capacity 116277K, committed 116316K, reserved 1150976K
  class space    used 14704K, capacity 15920K, committed 15948K, reserved 1048576K
}
Event: 41.392 GC heap after
{Heap after GC invocations=66 (full 0):
 garbage-first heap   total 310272K, used 188728K [0x0000000080000000, 0x0000000100000000)
  region size 1024K, 2 young (2048K), 2 survivors (2048K)
 Metaspace       used 113050K, capacity 116277K, committed 116316K, reserved 1150976K
  class space    used 14704K, capacity 15920K, committed 15948K, reserved 1048576K
}
Event: 41.921 GC heap before
{Heap before GC invocations=66 (full 0):
 garbage-first heap   total 310272K, used 219448K [0x0000000080000000, 0x0000000100000000)
  region size 1024K, 34 young (34816K), 2 survivors (2048K)
 Metaspace       used 113793K, capacity 116995K, committed 117212K, reserved 1150976K
  class space    used 14799K, capacity 16029K, committed 16076K, reserved 1048576K
}
Event: 41.933 GC heap after
{Heap after GC invocations=67 (full 0):
 garbage-first heap   total 310272K, used 190313K [0x0000000080000000, 0x0000000100000000)
  region size 1024K, 4 young (4096K), 4 survivors (4096K)
 Metaspace       used 113793K, capacity 116995K, committed 117212K, reserved 1150976K
  class space    used 14799K, capacity 16029K, committed 16076K, reserved 1048576K
}
Event: 42.772 GC heap before
{Heap before GC invocations=68 (full 0):
 garbage-first heap   total 310272K, used 237417K [0x0000000080000000, 0x0000000100000000)
  region size 1024K, 47 young (48128K), 4 survivors (4096K)
 Metaspace       used 114668K, capacity 118043K, committed 118108K, reserved 1150976K
  class space    used 14905K, capacity 16169K, committed 16204K, reserved 1048576K
}
Event: 42.792 GC heap after
{Heap after GC invocations=69 (full 0):
 garbage-first heap   total 310272K, used 195430K [0x0000000080000000, 0x0000000100000000)
  region size 1024K, 6 young (6144K), 6 survivors (6144K)
 Metaspace       used 114668K, capacity 118043K, committed 118108K, reserved 1150976K
  class space    used 14905K, capacity 16169K, committed 16204K, reserved 1048576K
}
Event: 42.884 GC heap before
{Heap before GC invocations=69 (full 0):
 garbage-first heap   total 310272K, used 203622K [0x0000000080000000, 0x0000000100000000)
  region size 1024K, 15 young (15360K), 6 survivors (6144K)
 Metaspace       used 114782K, capacity 118120K, committed 118364K, reserved 1150976K
  class space    used 14915K, capacity 16172K, committed 16204K, reserved 1048576K
}
Event: 42.917 GC heap after
{Heap after GC invocations=70 (full 0):
 garbage-first heap   total 372736K, used 193758K [0x0000000080000000, 0x0000000100000000)
  region size 1024K, 2 young (2048K), 2 survivors (2048K)
 Metaspace       used 114782K, capacity 118120K, committed 118364K, reserved 1150976K
  class space    used 14915K, capacity 16172K, committed 16204K, reserved 1048576K
}
Event: 44.236 GC heap before
{Heap before GC invocations=70 (full 0):
 garbage-first heap   total 372736K, used 267486K [0x0000000080000000, 0x0000000100000000)
  region size 1024K, 70 young (71680K), 2 survivors (2048K)
 Metaspace       used 117623K, capacity 121084K, committed 121180K, reserved 1155072K
  class space    used 15318K, capacity 16626K, committed 16716K, reserved 1048576K
}
Event: 44.296 GC heap after
{Heap after GC invocations=71 (full 0):
 garbage-first heap   total 372736K, used 209239K [0x0000000080000000, 0x0000000100000000)
  region size 1024K, 9 young (9216K), 9 survivors (9216K)
 Metaspace       used 117623K, capacity 121084K, committed 121180K, reserved 1155072K
  class space    used 15318K, capacity 16626K, committed 16716K, reserved 1048576K
}

