# JRE version: OpenJDK Runtime Environment (11.0.15) (build 11.0.15+0-b2043.56-9505619)
# Java VM: OpenJDK 64-Bit Server VM (11.0.15+0-b2043.56-9505619, mixed mode, tiered, compressed oops, g1 gc, windows-amd64)
Heap:
 garbage-first heap   total 647168K, used 243584K [0x0000000080000000, 0x0000000100000000)
  region size 1024K, 2 young (2048K), 2 survivors (2048K)
 Metaspace       used 174627K, capacity 180107K, committed 180144K, reserved 1204224K
  class space    used 22531K, capacity 24552K, committed 24576K, reserved 1048576K
GC Heap History (20 events):
Event: 815.484 GC heap after
{Heap after GC invocations=161 (full 0):
 garbage-first heap   total 368640K, used 145814K [0x0000000080000000, 0x0000000100000000)
  region size 1024K, 1 young (1024K), 1 survivors (1024K)
 Metaspace       used 172292K, capacity 177583K, committed 178224K, reserved 1204224K
  class space    used 22268K, capacity 24209K, committed 24448K, reserved 1048576K
}
Event: 815.671 GC heap before
{Heap before GC invocations=161 (full 0):
 garbage-first heap   total 368640K, used 173462K [0x0000000080000000, 0x0000000100000000)
  region size 1024K, 18 young (18432K), 1 survivors (1024K)
 Metaspace       used 172380K, capacity 177701K, committed 178224K, reserved 1204224K
  class space    used 22277K, capacity 24218K, committed 24448K, reserved 1048576K
}
Event: 815.677 GC heap after
{Heap after GC invocations=162 (full 0):
 garbage-first heap   total 368640K, used 156476K [0x0000000080000000, 0x0000000100000000)
  region size 1024K, 3 young (3072K), 3 survivors (3072K)
 Metaspace       used 172380K, capacity 177701K, committed 178224K, reserved 1204224K
  class space    used 22277K, capacity 24218K, committed 24448K, reserved 1048576K
}
Event: 815.801 GC heap before
{Heap before GC invocations=162 (full 0):
 garbage-first heap   total 368640K, used 166716K [0x0000000080000000, 0x0000000100000000)
  region size 1024K, 15 young (15360K), 3 survivors (3072K)
 Metaspace       used 172810K, capacity 178103K, committed 178480K, reserved 1204224K
  class space    used 22341K, capacity 24287K, committed 24448K, reserved 1048576K
}
Event: 815.810 GC heap after
{Heap after GC invocations=163 (full 0):
 garbage-first heap   total 368640K, used 158810K [0x0000000080000000, 0x0000000100000000)
  region size 1024K, 6 young (6144K), 6 survivors (6144K)
 Metaspace       used 172810K, capacity 178103K, committed 178480K, reserved 1204224K
  class space    used 22341K, capacity 24287K, committed 24448K, reserved 1048576K
}
Event: 817.025 GC heap before
{Heap before GC invocations=164 (full 0):
 garbage-first heap   total 368640K, used 272474K [0x0000000080000000, 0x0000000100000000)
  region size 1024K, 88 young (90112K), 6 survivors (6144K)
 Metaspace       used 173832K, capacity 179254K, committed 179632K, reserved 1204224K
  class space    used 22442K, capacity 24429K, committed 24576K, reserved 1048576K
}
Event: 817.441 GC heap after
{Heap after GC invocations=165 (full 0):
 garbage-first heap   total 368640K, used 203074K [0x0000000080000000, 0x0000000100000000)
  region size 1024K, 11 young (11264K), 11 survivors (11264K)
 Metaspace       used 173832K, capacity 179254K, committed 179632K, reserved 1204224K
  class space    used 22442K, capacity 24429K, committed 24576K, reserved 1048576K
}
Event: 817.493 GC heap before
{Heap before GC invocations=165 (full 0):
 garbage-first heap   total 368640K, used 210242K [0x0000000080000000, 0x0000000100000000)
  region size 1024K, 18 young (18432K), 11 survivors (11264K)
 Metaspace       used 173842K, capacity 179259K, committed 179632K, reserved 1204224K
  class space    used 22442K, capacity 24429K, committed 24576K, reserved 1048576K
}
Event: 817.538 GC heap after
{Heap after GC invocations=166 (full 0):
 garbage-first heap   total 368640K, used 206554K [0x0000000080000000, 0x0000000100000000)
  region size 1024K, 3 young (3072K), 3 survivors (3072K)
 Metaspace       used 173842K, capacity 179259K, committed 179632K, reserved 1204224K
  class space    used 22442K, capacity 24429K, committed 24576K, reserved 1048576K
}
Event: 817.774 GC heap before
{Heap before GC invocations=166 (full 0):
 garbage-first heap   total 368640K, used 246490K [0x0000000080000000, 0x0000000100000000)
  region size 1024K, 42 young (43008K), 3 survivors (3072K)
 Metaspace       used 173864K, capacity 179261K, committed 179632K, reserved 1204224K
  class space    used 22442K, capacity 24429K, committed 24576K, reserved 1048576K
}
Event: 817.837 GC heap after
{Heap after GC invocations=167 (full 0):
 garbage-first heap   total 368640K, used 227902K [0x0000000080000000, 0x0000000100000000)
  region size 1024K, 6 young (6144K), 6 survivors (6144K)
 Metaspace       used 173864K, capacity 179261K, committed 179632K, reserved 1204224K
  class space    used 22442K, capacity 24429K, committed 24576K, reserved 1048576K
}
Event: 818.909 GC heap before
{Heap before GC invocations=168 (full 0):
 garbage-first heap   total 368640K, used 267838K [0x0000000080000000, 0x0000000100000000)
  region size 1024K, 46 young (47104K), 6 survivors (6144K)
 Metaspace       used 173962K, capacity 179291K, committed 179632K, reserved 1204224K
  class space    used 22442K, capacity 24415K, committed 24576K, reserved 1048576K
}
Event: 818.942 GC heap after
{Heap after GC invocations=169 (full 0):
 garbage-first heap   total 368640K, used 242688K [0x0000000080000000, 0x0000000100000000)
  region size 1024K, 6 young (6144K), 6 survivors (6144K)
 Metaspace       used 173962K, capacity 179291K, committed 179632K, reserved 1204224K
  class space    used 22442K, capacity 24415K, committed 24576K, reserved 1048576K
}
Event: 819.384 GC heap before
{Heap before GC invocations=169 (full 0):
 garbage-first heap   total 368640K, used 254976K [0x0000000080000000, 0x0000000100000000)
  region size 1024K, 18 young (18432K), 6 survivors (6144K)
 Metaspace       used 174329K, capacity 179745K, committed 179888K, reserved 1204224K
  class space    used 22513K, capacity 24526K, committed 24576K, reserved 1048576K
}
Event: 819.403 GC heap after
{Heap after GC invocations=170 (full 0):
 garbage-first heap   total 368640K, used 242153K [0x0000000080000000, 0x0000000100000000)
  region size 1024K, 3 young (3072K), 3 survivors (3072K)
 Metaspace       used 174329K, capacity 179745K, committed 179888K, reserved 1204224K
  class space    used 22513K, capacity 24526K, committed 24576K, reserved 1048576K
}
Event: 820.555 GC heap before
{Heap before GC invocations=170 (full 0):
 garbage-first heap   total 368640K, used 283113K [0x0000000080000000, 0x0000000100000000)
  region size 1024K, 44 young (45056K), 3 survivors (3072K)
 Metaspace       used 174489K, capacity 179958K, committed 180144K, reserved 1204224K
  class space    used 22527K, capacity 24548K, committed 24576K, reserved 1048576K
}
Event: 820.570 GC heap after
{Heap after GC invocations=171 (full 0):
 garbage-first heap   total 368640K, used 246761K [0x0000000080000000, 0x0000000100000000)
  region size 1024K, 6 young (6144K), 6 survivors (6144K)
 Metaspace       used 174489K, capacity 179958K, committed 180144K, reserved 1204224K
  class space    used 22527K, capacity 24548K, committed 24576K, reserved 1048576K
}
Event: 822.378 GC heap before
{Heap before GC invocations=172 (full 0):
 garbage-first heap   total 368640K, used 288745K [0x0000000080000000, 0x0000000100000000)
  region size 1024K, 48 young (49152K), 6 survivors (6144K)
 Metaspace       used 174534K, capacity 179962K, committed 180144K, reserved 1204224K
  class space    used 22527K, capacity 24548K, committed 24576K, reserved 1048576K
}
Event: 822.436 GC heap after
{Heap after GC invocations=173 (full 0):
 garbage-first heap   total 368640K, used 248262K [0x0000000080000000, 0x0000000100000000)
  region size 1024K, 4 young (4096K), 4 survivors (4096K)
 Metaspace       used 174534K, capacity 179962K, committed 180144K, reserved 1204224K
  class space    used 22527K, capacity 24548K, committed 24576K, reserved 1048576K
}
Event: 823.340 GC heap before
{Heap before GC invocations=173 (full 0):
 garbage-first heap   total 368640K, used 265670K [0x0000000080000000, 0x0000000100000000)
  region size 1024K, 18 young (18432K), 4 survivors (4096K)
 Metaspace       used 174627K, capacity 180107K, committed 180144K, reserved 1204224K
  class space    used 22531K, capacity 24552K, committed 24576K, reserved 1048576K
}

